<?xml version="1.0" encoding="UTF-8"?>
<!-- Generated by org.testng.reporters.JUnitReportReporter -->
<testsuite hostname="DESKTOP-QQM934Q" failures="0" tests="1" name="Cucumber.CucumberRunner" time="11.636" errors="0" timestamp="2025-04-11T22:57:30 IST" skipped="0">
  <testcase classname="Cucumber.CucumberRunner" name="runScenario" time="11.636"/>
</testsuite> <!-- Cucumber.CucumberRunner -->
