<?xml version="1.0" encoding="UTF-8"?>
<!-- Generated by org.testng.reporters.JUnitReportReporter -->
<testsuite hostname="DESKTOP-QQM934Q" failures="0" tests="1" name="Testcases.Main" time="74.186" errors="0" timestamp="2025-04-11T22:52:32 IST" skipped="0">
  <testcase classname="Testcases.Main" name="train" time="74.186"/>
</testsuite> <!-- Testcases.Main -->
