<?xml version="1.0" encoding="UTF-8"?>
<!-- Generated by org.testng.reporters.JUnitReportReporter -->
<testsuite hostname="DESKTOP-QQM934Q" failures="0" tests="2" name="Testcases.Errorvalidation" time="52.842" errors="0" timestamp="2025-04-11T22:52:32 IST" skipped="0">
  <testcase classname="Testcases.Errorvalidation" name="train" time="33.928"/>
  <testcase classname="Testcases.Errorvalidation" name="train1" time="18.914"/>
</testsuite> <!-- Testcases.Errorvalidation -->
